Start testing: Jul 02 17:02 CEST
----------------------------------------------------------
Unable to find executable: CommunicationTester
1/3 Testing: TestMain
1/3 Test: TestMain
Command: "" "TestMain"
Directory: /home/zoran/Schreibtisch/BAKK/BAKK_Prodanovic_Zaric_OBD/OBDMiddleware/communicationInterface
"TestMain" start time: 
Output:
----------------------------------------------------------
<end of output>
Test time =   0.00 sec
----------------------------------------------------------
Test Passed.
"TestMain" end time: Jul 02 17:02 CEST
"TestMain" time elapsed: 00:00:00
----------------------------------------------------------

Unable to find executable: CommunicationTester
2/3 Testing: UartDeviceTest
2/3 Test: UartDeviceTest
Command: "" "UartDeviceTest"
Directory: /home/zoran/Schreibtisch/BAKK/BAKK_Prodanovic_Zaric_OBD/OBDMiddleware/communicationInterface
"UartDeviceTest" start time: 
Output:
----------------------------------------------------------
<end of output>
Test time =   0.00 sec
----------------------------------------------------------
Test Passed.
"UartDeviceTest" end time: Jul 02 17:02 CEST
"UartDeviceTest" time elapsed: 00:00:00
----------------------------------------------------------

Unable to find executable: CommunicationTester
3/3 Testing: USBRequestHandlerTest
3/3 Test: USBRequestHandlerTest
Command: "" "USBRequestHandlerTest"
Directory: /home/zoran/Schreibtisch/BAKK/BAKK_Prodanovic_Zaric_OBD/OBDMiddleware/communicationInterface
"USBRequestHandlerTest" start time: 
Output:
----------------------------------------------------------
<end of output>
Test time =   0.00 sec
----------------------------------------------------------
Test Passed.
"USBRequestHandlerTest" end time: Jul 02 17:02 CEST
"USBRequestHandlerTest" time elapsed: 00:00:00
----------------------------------------------------------

End testing: Jul 02 17:02 CEST
